  Board.cpp
e:\projects\chess_3d\chess_3d\utils.h(26): warning C4800: 'const irr::EKEY_CODE': forcing value to bool 'true' or 'false' (performance warning)
e:\projects\chess_3d\chess_3d\utils.h(27): warning C4390: ';': empty controlled statement found; is this the intent?
e:\projects\chess_3d\chess_3d\utils.h(106): warning C4244: 'argument': conversion from 'int' to 'irr::f32', possible loss of data
  Generating Code...
  Compiling...
  main.cpp
e:\projects\chess_3d\chess_3d\utils.h(26): warning C4800: 'const irr::EKEY_CODE': forcing value to bool 'true' or 'false' (performance warning)
e:\projects\chess_3d\chess_3d\utils.h(27): warning C4390: ';': empty controlled statement found; is this the intent?
e:\projects\chess_3d\chess_3d\utils.h(106): warning C4244: 'argument': conversion from 'int' to 'irr::f32', possible loss of data
  Game.cpp
e:\projects\chess_3d\chess_3d\utils.h(26): warning C4800: 'const irr::EKEY_CODE': forcing value to bool 'true' or 'false' (performance warning)
e:\projects\chess_3d\chess_3d\utils.h(27): warning C4390: ';': empty controlled statement found; is this the intent?
e:\projects\chess_3d\chess_3d\utils.h(106): warning C4244: 'argument': conversion from 'int' to 'irr::f32', possible loss of data
  Generating Code...
  Skipping... (no relevant changes detected)
  Utils.cpp
  Selector.cpp
  Figure.cpp
  Chess_3d.vcxproj -> E:\Projects\Chess_3d\Debug\Chess_3d.exe
  Chess_3d.vcxproj -> E:\Projects\Chess_3d\Debug\Chess_3d.pdb (Partial PDB)
